<?xml version="1.0" encoding="UTF-8"?>
<!-- Generated by org.testng.reporters.JUnitReportReporter -->
<testsuite skipped="0" hostname="hp-PC" name="Com.Orangehrmlive.Demo" tests="1" failures="0" timestamp="5 Dec 2020 13:12:32 GMT" time="0.020" errors="0">
  <testcase name="test" time="0.020" classname="Com.Orangehrmlive.Demo"/>
</testsuite> <!-- Com.Orangehrmlive.Demo -->
